<?xml version="1.0" ?>
<!DOCTYPE coverage SYSTEM 'http://cobertura.sourceforge.net/xml/coverage-04.dtd'>
<!-- Generated using saga-core (http://timurstrekalov.github.com/saga/saga-core/) version 1.5.3 -->
<coverage branch-rate="0.0" branches-covered="0" branches-valid="0" complexity="0" line-rate="0.055987919619003367" lines-valid="8609" lines-covered="482" timestamp="1376875707" version="1.9">
	<sources>
		<source>E:\workspace\CBSviewer</source>
	</sources>
	<packages>
		<package name="default" line-rate="0.0" branch-rate="0.0" complexity="0">
			<classes>
				<class name="KeyboardPoint.js" filename="src/KeyboardPoint.js" line-rate="0.02" branch-rate="0.0" complexity="0">
					<methods />
					<lines>
						<line number="17" hits="1" branch="false"/>
						<line number="28" hits="0" branch="false"/>
						<line number="31" hits="0" branch="false"/>
						<line number="37" hits="0" branch="false"/>
						<line number="38" hits="0" branch="false"/>
						<line number="40" hits="0" branch="false"/>
						<line number="49" hits="0" branch="false"/>
						<line number="50" hits="0" branch="false"/>
						<line number="51" hits="0" branch="false"/>
						<line number="52" hits="0" branch="false"/>
						<line number="54" hits="0" branch="false"/>
						<line number="55" hits="0" branch="false"/>
						<line number="57" hits="0" branch="false"/>
						<line number="64" hits="0" branch="false"/>
						<line number="65" hits="0" branch="false"/>
						<line number="67" hits="0" branch="false"/>
						<line number="68" hits="0" branch="false"/>
						<line number="70" hits="0" branch="false"/>
						<line number="71" hits="0" branch="false"/>
						<line number="72" hits="0" branch="false"/>
						<line number="82" hits="0" branch="false"/>
						<line number="84" hits="0" branch="false"/>
						<line number="85" hits="0" branch="false"/>
						<line number="87" hits="0" branch="false"/>
						<line number="88" hits="0" branch="false"/>
						<line number="90" hits="0" branch="false"/>
						<line number="91" hits="0" branch="false"/>
						<line number="93" hits="0" branch="false"/>
						<line number="94" hits="0" branch="false"/>
						<line number="96" hits="0" branch="false"/>
						<line number="97" hits="0" branch="false"/>
						<line number="99" hits="0" branch="false"/>
						<line number="100" hits="0" branch="false"/>
						<line number="110" hits="0" branch="false"/>
						<line number="111" hits="0" branch="false"/>
						<line number="113" hits="0" branch="false"/>
						<line number="114" hits="0" branch="false"/>
						<line number="115" hits="0" branch="false"/>
						<line number="116" hits="0" branch="false"/>
						<line number="117" hits="0" branch="false"/>
						<line number="118" hits="0" branch="false"/>
						<line number="125" hits="0" branch="false"/>
						<line number="126" hits="0" branch="false"/>
						<line number="127" hits="0" branch="false"/>
						<line number="128" hits="0" branch="false"/>
						<line number="129" hits="0" branch="false"/>
						<line number="130" hits="0" branch="false"/>
						<line number="139" hits="0" branch="false"/>
						<line number="140" hits="0" branch="false"/>
						<line number="147" hits="0" branch="false"/>
					</lines>
				</class>
				<class name="OverviewMap.js" filename="src/OverviewMap.js" line-rate="0.020833333333333332" branch-rate="0.0" complexity="0">
					<methods />
					<lines>
						<line number="14" hits="1" branch="false"/>
						<line number="43" hits="0" branch="false"/>
						<line number="44" hits="0" branch="false"/>
						<line number="45" hits="0" branch="false"/>
						<line number="54" hits="0" branch="false"/>
						<line number="55" hits="0" branch="false"/>
						<line number="56" hits="0" branch="false"/>
						<line number="57" hits="0" branch="false"/>
						<line number="58" hits="0" branch="false"/>
						<line number="60" hits="0" branch="false"/>
						<line number="61" hits="0" branch="false"/>
						<line number="66" hits="0" branch="false"/>
						<line number="67" hits="0" branch="false"/>
						<line number="68" hits="0" branch="false"/>
						<line number="70" hits="0" branch="false"/>
						<line number="71" hits="0" branch="false"/>
						<line number="72" hits="0" branch="false"/>
						<line number="73" hits="0" branch="false"/>
						<line number="74" hits="0" branch="false"/>
						<line number="75" hits="0" branch="false"/>
						<line number="77" hits="0" branch="false"/>
						<line number="78" hits="0" branch="false"/>
						<line number="79" hits="0" branch="false"/>
						<line number="80" hits="0" branch="false"/>
						<line number="82" hits="0" branch="false"/>
						<line number="84" hits="0" branch="false"/>
						<line number="86" hits="0" branch="false"/>
						<line number="89" hits="0" branch="false"/>
						<line number="90" hits="0" branch="false"/>
						<line number="91" hits="0" branch="false"/>
						<line number="92" hits="0" branch="false"/>
						<line number="93" hits="0" branch="false"/>
						<line number="94" hits="0" branch="false"/>
						<line number="95" hits="0" branch="false"/>
						<line number="98" hits="0" branch="false"/>
						<line number="99" hits="0" branch="false"/>
						<line number="100" hits="0" branch="false"/>
						<line number="101" hits="0" branch="false"/>
						<line number="102" hits="0" branch="false"/>
						<line number="103" hits="0" branch="false"/>
						<line number="104" hits="0" branch="false"/>
						<line number="106" hits="0" branch="false"/>
						<line number="108" hits="0" branch="false"/>
						<line number="109" hits="0" branch="false"/>
						<line number="112" hits="0" branch="false"/>
						<line number="118" hits="0" branch="false"/>
						<line number="119" hits="0" branch="false"/>
						<line number="121" hits="0" branch="false"/>
					</lines>
				</class>
				<class name="UpdateLegendControl.js" filename="src/UpdateLegendControl.js" line-rate="0.029411764705882353" branch-rate="0.0" complexity="0">
					<methods />
					<lines>
						<line number="17" hits="1" branch="false"/>
						<line number="37" hits="0" branch="false"/>
						<line number="38" hits="0" branch="false"/>
						<line number="45" hits="0" branch="false"/>
						<line number="46" hits="0" branch="false"/>
						<line number="47" hits="0" branch="false"/>
						<line number="48" hits="0" branch="false"/>
						<line number="50" hits="0" branch="false"/>
						<line number="58" hits="0" branch="false"/>
						<line number="59" hits="0" branch="false"/>
						<line number="60" hits="0" branch="false"/>
						<line number="61" hits="0" branch="false"/>
						<line number="63" hits="0" branch="false"/>
						<line number="73" hits="0" branch="false"/>
						<line number="74" hits="0" branch="false"/>
						<line number="75" hits="0" branch="false"/>
						<line number="76" hits="0" branch="false"/>
						<line number="77" hits="0" branch="false"/>
						<line number="79" hits="0" branch="false"/>
						<line number="92" hits="0" branch="false"/>
						<line number="93" hits="0" branch="false"/>
						<line number="94" hits="0" branch="false"/>
						<line number="97" hits="0" branch="false"/>
						<line number="98" hits="0" branch="false"/>
						<line number="99" hits="0" branch="false"/>
						<line number="100" hits="0" branch="false"/>
						<line number="101" hits="0" branch="false"/>
						<line number="102" hits="0" branch="false"/>
						<line number="103" hits="0" branch="false"/>
						<line number="106" hits="0" branch="false"/>
						<line number="110" hits="0" branch="false"/>
						<line number="111" hits="0" branch="false"/>
						<line number="124" hits="0" branch="false"/>
						<line number="125" hits="0" branch="false"/>
					</lines>
				</class>
				<class name="ClickDrawControl.js" filename="src/ClickDrawControl.js" line-rate="0.03225806451612903" branch-rate="0.0" complexity="0">
					<methods />
					<lines>
						<line number="14" hits="1" branch="false"/>
						<line number="29" hits="0" branch="false"/>
						<line number="30" hits="0" branch="false"/>
						<line number="31" hits="0" branch="false"/>
						<line number="43" hits="0" branch="false"/>
						<line number="44" hits="0" branch="false"/>
						<line number="46" hits="0" branch="false"/>
						<line number="55" hits="0" branch="false"/>
						<line number="64" hits="0" branch="false"/>
						<line number="76" hits="0" branch="false"/>
						<line number="77" hits="0" branch="false"/>
						<line number="78" hits="0" branch="false"/>
						<line number="79" hits="0" branch="false"/>
						<line number="80" hits="0" branch="false"/>
						<line number="81" hits="0" branch="false"/>
						<line number="82" hits="0" branch="false"/>
						<line number="86" hits="0" branch="false"/>
						<line number="87" hits="0" branch="false"/>
						<line number="88" hits="0" branch="false"/>
						<line number="90" hits="0" branch="false"/>
						<line number="100" hits="0" branch="false"/>
						<line number="101" hits="0" branch="false"/>
						<line number="103" hits="0" branch="false"/>
						<line number="113" hits="0" branch="false"/>
						<line number="114" hits="0" branch="false"/>
						<line number="116" hits="0" branch="false"/>
						<line number="117" hits="0" branch="false"/>
						<line number="118" hits="0" branch="false"/>
						<line number="119" hits="0" branch="false"/>
						<line number="120" hits="0" branch="false"/>
						<line number="122" hits="0" branch="false"/>
					</lines>
				</class>
				<class name="KeyboardClick.js" filename="src/KeyboardClick.js" line-rate="0.03125" branch-rate="0.0" complexity="0">
					<methods />
					<lines>
						<line number="21" hits="1" branch="false"/>
						<line number="24" hits="0" branch="false"/>
						<line number="25" hits="0" branch="false"/>
						<line number="26" hits="0" branch="false"/>
						<line number="32" hits="0" branch="false"/>
						<line number="33" hits="0" branch="false"/>
						<line number="34" hits="0" branch="false"/>
						<line number="35" hits="0" branch="false"/>
						<line number="37" hits="0" branch="false"/>
						<line number="52" hits="0" branch="false"/>
						<line number="53" hits="0" branch="false"/>
						<line number="54" hits="0" branch="false"/>
						<line number="55" hits="0" branch="false"/>
						<line number="56" hits="0" branch="false"/>
						<line number="70" hits="0" branch="false"/>
						<line number="71" hits="0" branch="false"/>
						<line number="73" hits="0" branch="false"/>
						<line number="74" hits="0" branch="false"/>
						<line number="75" hits="0" branch="false"/>
						<line number="77" hits="0" branch="false"/>
						<line number="78" hits="0" branch="false"/>
						<line number="79" hits="0" branch="false"/>
						<line number="81" hits="0" branch="false"/>
						<line number="91" hits="0" branch="false"/>
						<line number="92" hits="0" branch="false"/>
						<line number="94" hits="0" branch="false"/>
						<line number="95" hits="0" branch="false"/>
						<line number="96" hits="0" branch="false"/>
						<line number="98" hits="0" branch="false"/>
						<line number="99" hits="0" branch="false"/>
						<line number="100" hits="0" branch="false"/>
						<line number="102" hits="0" branch="false"/>
					</lines>
				</class>
				<class name="ZoomControl.js" filename="src/ZoomControl.js" line-rate="0.04" branch-rate="0.0" complexity="0">
					<methods />
					<lines>
						<line number="16" hits="1" branch="false"/>
						<line number="27" hits="0" branch="false"/>
						<line number="28" hits="0" branch="false"/>
						<line number="29" hits="0" branch="false"/>
						<line number="30" hits="0" branch="false"/>
						<line number="31" hits="0" branch="false"/>
						<line number="32" hits="0" branch="false"/>
						<line number="33" hits="0" branch="false"/>
						<line number="34" hits="0" branch="false"/>
						<line number="35" hits="0" branch="false"/>
						<line number="36" hits="0" branch="false"/>
						<line number="38" hits="0" branch="false"/>
						<line number="39" hits="0" branch="false"/>
						<line number="40" hits="0" branch="false"/>
						<line number="41" hits="0" branch="false"/>
						<line number="43" hits="0" branch="false"/>
						<line number="44" hits="0" branch="false"/>
						<line number="45" hits="0" branch="false"/>
						<line number="46" hits="0" branch="false"/>
						<line number="47" hits="0" branch="false"/>
						<line number="48" hits="0" branch="false"/>
						<line number="49" hits="0" branch="false"/>
						<line number="51" hits="0" branch="false"/>
						<line number="52" hits="0" branch="false"/>
						<line number="53" hits="0" branch="false"/>
					</lines>
				</class>
				<class name="ZoekFormulier.js" filename="src/ZoekFormulier.js" line-rate="0.05263157894736842" branch-rate="0.0" complexity="0">
					<methods />
					<lines>
						<line number="18" hits="1" branch="false"/>
						<line number="26" hits="0" branch="false"/>
						<line number="27" hits="0" branch="false"/>
						<line number="28" hits="0" branch="false"/>
						<line number="29" hits="0" branch="false"/>
						<line number="30" hits="0" branch="false"/>
						<line number="31" hits="0" branch="false"/>
						<line number="32" hits="0" branch="false"/>
						<line number="36" hits="0" branch="false"/>
						<line number="37" hits="0" branch="false"/>
						<line number="40" hits="0" branch="false"/>
						<line number="51" hits="0" branch="false"/>
						<line number="52" hits="0" branch="false"/>
						<line number="53" hits="0" branch="false"/>
						<line number="60" hits="0" branch="false"/>
						<line number="68" hits="0" branch="false"/>
						<line number="69" hits="0" branch="false"/>
						<line number="75" hits="0" branch="false"/>
						<line number="76" hits="0" branch="false"/>
					</lines>
				</class>
				<class name="OpenLayers-test.js" filename="src/test/js/lib/OpenLayers-test.js" line-rate="0.051473285242694705" branch-rate="0.0" complexity="0">
					<methods />
					<lines>
						<line number="67" hits="1" branch="false"/>
						<line number="89" hits="1" branch="false"/>
						<line number="92" hits="1" branch="false"/>
						<line number="93" hits="6" branch="false"/>
						<line number="94" hits="6" branch="false"/>
						<line number="95" hits="3" branch="false"/>
						<line number="96" hits="3" branch="false"/>
						<line number="97" hits="1" branch="false"/>
						<line number="98" hits="1" branch="false"/>
						<line number="102" hits="1" branch="false"/>
						<line number="161" hits="1" branch="false"/>
						<line number="169" hits="1" branch="false"/>
						<line number="174" hits="1" branch="false"/>
						<line number="195" hits="1" branch="false"/>
						<line number="201" hits="1" branch="false"/>
						<line number="211" hits="1" branch="false"/>
						<line number="214" hits="1" branch="false"/>
						<line number="215" hits="6" branch="false"/>
						<line number="216" hits="6" branch="false"/>
						<line number="217" hits="3" branch="false"/>
						<line number="218" hits="3" branch="false"/>
						<line number="219" hits="0" branch="false"/>
						<line number="220" hits="0" branch="false"/>
						<line number="224" hits="1" branch="false"/>
						<line number="273" hits="1" branch="false"/>
						<line number="274" hits="0" branch="false"/>
						<line number="275" hits="0" branch="false"/>
						<line number="565" hits="0" branch="false"/>
						<line number="566" hits="0" branch="false"/>
						<line number="567" hits="0" branch="false"/>
						<line number="568" hits="0" branch="false"/>
						<line number="571" hits="0" branch="false"/>
						<line number="572" hits="0" branch="false"/>
						<line number="585" hits="1" branch="false"/>
						<line number="608" hits="1" branch="false"/>
						<line number="622" hits="0" branch="false"/>
						<line number="637" hits="0" branch="false"/>
						<line number="653" hits="0" branch="false"/>
						<line number="669" hits="0" branch="false"/>
						<line number="670" hits="0" branch="false"/>
						<line number="671" hits="0" branch="false"/>
						<line number="672" hits="0" branch="false"/>
						<line number="673" hits="0" branch="false"/>
						<line number="675" hits="0" branch="false"/>
						<line number="700" hits="0" branch="false"/>
						<line number="701" hits="0" branch="false"/>
						<line number="707" hits="0" branch="false"/>
						<line number="708" hits="0" branch="false"/>
						<line number="714" hits="0" branch="false"/>
						<line number="715" hits="0" branch="false"/>
						<line number="716" hits="0" branch="false"/>
						<line number="717" hits="0" branch="false"/>
						<line number="719" hits="0" branch="false"/>
						<line number="720" hits="0" branch="false"/>
						<line number="722" hits="0" branch="false"/>
						<line number="725" hits="0" branch="false"/>
						<line number="726" hits="0" branch="false"/>
						<line number="735" hits="0" branch="false"/>
						<line number="736" hits="0" branch="false"/>
						<line number="738" hits="0" branch="false"/>
						<line number="742" hits="0" branch="false"/>
						<line number="774" hits="0" branch="false"/>
						<line number="790" hits="0" branch="false"/>
						<line number="791" hits="0" branch="false"/>
						<line number="792" hits="0" branch="false"/>
						<line number="794" hits="0" branch="false"/>
						<line number="803" hits="1" branch="false"/>
						<line number="830" hits="0" branch="false"/>
						<line number="831" hits="0" branch="false"/>
						<line number="832" hits="0" branch="false"/>
						<line number="834" hits="0" branch="false"/>
						<line number="854" hits="0" branch="false"/>
						<line number="855" hits="0" branch="false"/>
						<line number="857" hits="0" branch="false"/>
						<line number="860" hits="0" branch="false"/>
						<line number="861" hits="0" branch="false"/>
						<line number="864" hits="0" branch="false"/>
						<line number="865" hits="0" branch="false"/>
						<line number="867" hits="0" branch="false"/>
						<line number="870" hits="0" branch="false"/>
						<line number="871" hits="0" branch="false"/>
						<line number="872" hits="0" branch="false"/>
						<line number="873" hits="0" branch="false"/>
						<line number="874" hits="0" branch="false"/>
						<line number="878" hits="0" branch="false"/>
						<line number="879" hits="0" branch="false"/>
						<line number="880" hits="0" branch="false"/>
						<line number="882" hits="0" branch="false"/>
						<line number="883" hits="0" branch="false"/>
						<line number="884" hits="0" branch="false"/>
						<line number="886" hits="0" branch="false"/>
						<line number="888" hits="0" branch="false"/>
						<line number="902" hits="0" branch="false"/>
						<line number="903" hits="0" branch="false"/>
						<line number="904" hits="0" branch="false"/>
						<line number="906" hits="0" branch="false"/>
						<line number="914" hits="1" branch="false"/>
						<line number="929" hits="1" branch="false"/>
						<line number="930" hits="1" branch="false"/>
						<line number="933" hits="0" branch="false"/>
						<line number="936" hits="0" branch="false"/>
						<line number="953" hits="0" branch="false"/>
						<line number="954" hits="0" branch="false"/>
						<line number="971" hits="0" branch="false"/>
						<line number="987" hits="0" branch="false"/>
						<line number="1005" hits="1" branch="false"/>
						<line number="1032" hits="0" branch="false"/>
						<line number="1033" hits="0" branch="false"/>
						<line number="1034" hits="0" branch="false"/>
						<line number="1036" hits="0" branch="false"/>
						<line number="1037" hits="0" branch="false"/>
						<line number="1038" hits="0" branch="false"/>
						<line number="1040" hits="0" branch="false"/>
						<line number="1041" hits="0" branch="false"/>
						<line number="1042" hits="0" branch="false"/>
						<line number="1043" hits="0" branch="false"/>
						<line number="1044" hits="0" branch="false"/>
						<line number="1049" hits="0" branch="false"/>
						<line number="1089" hits="1" branch="false"/>
						<line number="1090" hits="66" branch="false"/>
						<line number="1091" hits="66" branch="false"/>
						<line number="1092" hits="66" branch="false"/>
						<line number="1094" hits="66" branch="false"/>
						<line number="1096" hits="0" branch="false"/>
						<line number="1098" hits="66" branch="false"/>
						<line number="1099" hits="44" branch="false"/>
						<line number="1101" hits="44" branch="false"/>
						<line number="1103" hits="22" branch="false"/>
						<line number="1105" hits="66" branch="false"/>
						<line number="1118" hits="1" branch="false"/>
						<line number="1119" hits="44" branch="false"/>
						<line number="1120" hits="44" branch="false"/>
						<line number="1121" hits="44" branch="false"/>
						<line number="1122" hits="44" branch="false"/>
						<line number="1123" hits="44" branch="false"/>
						<line number="1124" hits="44" branch="false"/>
						<line number="1125" hits="44" branch="false"/>
						<line number="1126" hits="0" branch="false"/>
						<line number="1128" hits="44" branch="false"/>
						<line number="1145" hits="1" branch="false"/>
						<line number="1146" hits="1" branch="false"/>
						<line number="1147" hits="48" branch="false"/>
						<line number="1148" hits="48" branch="false"/>
						<line number="1149" hits="47" branch="false"/>
						<line number="1150" hits="869" branch="false"/>
						<line number="1151" hits="869" branch="false"/>
						<line number="1152" hits="869" branch="false"/>
						<line number="1168" hits="47" branch="false"/>
						<line number="1171" hits="47" branch="false"/>
						<line number="1173" hits="0" branch="false"/>
						<line number="1176" hits="48" branch="false"/>
						<line number="1209" hits="1" branch="false"/>
						<line number="1244" hits="0" branch="false"/>
						<line number="1245" hits="0" branch="false"/>
						<line number="1246" hits="0" branch="false"/>
						<line number="1247" hits="0" branch="false"/>
						<line number="1259" hits="0" branch="false"/>
						<line number="1271" hits="0" branch="false"/>
						<line number="1282" hits="0" branch="false"/>
						<line number="1294" hits="0" branch="false"/>
						<line number="1295" hits="0" branch="false"/>
						<line number="1296" hits="0" branch="false"/>
						<line number="1297" hits="0" branch="false"/>
						<line number="1299" hits="0" branch="false"/>
						<line number="1300" hits="0" branch="false"/>
						<line number="1302" hits="0" branch="false"/>
						<line number="1303" hits="0" branch="false"/>
						<line number="1304" hits="0" branch="false"/>
						<line number="1310" hits="0" branch="false"/>
						<line number="1317" hits="0" branch="false"/>
						<line number="1318" hits="0" branch="false"/>
						<line number="1344" hits="1" branch="false"/>
						<line number="1355" hits="1" branch="false"/>
						<line number="1387" hits="1" branch="false"/>
						<line number="1388" hits="150" branch="false"/>
						<line number="1389" hits="90" branch="false"/>
						<line number="1390" hits="90" branch="false"/>
						<line number="1391" hits="5" branch="false"/>
						<line number="1394" hits="150" branch="false"/>
						<line number="1395" hits="8" branch="false"/>
						<line number="1397" hits="150" branch="false"/>
						<line number="1414" hits="1" branch="false"/>
						<line number="1415" hits="0" branch="false"/>
						<line number="1416" hits="0" branch="false"/>
						<line number="1417" hits="0" branch="false"/>
						<line number="1419" hits="0" branch="false"/>
						<line number="1420" hits="0" branch="false"/>
						<line number="1422" hits="0" branch="false"/>
						<line number="1423" hits="0" branch="false"/>
						<line number="1425" hits="0" branch="false"/>
						<line number="1426" hits="0" branch="false"/>
						<line number="1427" hits="0" branch="false"/>
						<line number="1428" hits="0" branch="false"/>
						<line number="1429" hits="0" branch="false"/>
						<line number="1433" hits="0" branch="false"/>
						<line number="1448" hits="1" branch="false"/>
						<line number="1449" hits="0" branch="false"/>
						<line number="1463" hits="1" branch="false"/>
						<line number="1465" hits="1" branch="false"/>
						<line number="1467" hits="1" branch="false"/>
						<line number="1468" hits="0" branch="false"/>
						<line number="1469" hits="0" branch="false"/>
						<line number="1470" hits="0" branch="false"/>
						<line number="1473" hits="1" branch="false"/>
						<line number="1474" hits="0" branch="false"/>
						<line number="1475" hits="0" branch="false"/>
						<line number="1476" hits="0" branch="false"/>
						<line number="1477" hits="0" branch="false"/>
						<line number="1480" hits="1" branch="false"/>
						<line number="1481" hits="8" branch="false"/>
						<line number="1482" hits="8" branch="false"/>
						<line number="1483" hits="8" branch="false"/>
						<line number="1484" hits="8" branch="false"/>
						<line number="1485" hits="30" branch="false"/>
						<line number="1486" hits="30" branch="false"/>
						<line number="1487" hits="30" branch="false"/>
						<line number="1488" hits="30" branch="false"/>
						<line number="1489" hits="45" branch="false"/>
						<line number="1490" hits="45" branch="false"/>
						<line number="1491" hits="45" branch="false"/>
						<line number="1497" hits="1" branch="false"/>
						<line number="1500" hits="1" branch="false"/>
						<line number="1501" hits="5" branch="false"/>
						<line number="1503" hits="1" branch="false"/>
						<line number="1504" hits="3" branch="false"/>
						<line number="1530" hits="1" branch="false"/>
						<line number="1542" hits="1" branch="false"/>
						<line number="1543" hits="1" branch="false"/>
						<line number="1545" hits="1" branch="false"/>
						<line number="1546" hits="1" branch="false"/>
						<line number="1547" hits="1" branch="false"/>
						<line number="1548" hits="0" branch="false"/>
						<line number="1550" hits="1" branch="false"/>
						<line number="1551" hits="1" branch="false"/>
						<line number="1553" hits="0" branch="false"/>
						<line number="1555" hits="0" branch="false"/>
						<line number="1568" hits="1" branch="false"/>
						<line number="1569" hits="0" branch="false"/>
						<line number="1584" hits="1" branch="false"/>
						<line number="1585" hits="1" branch="false"/>
						<line number="1600" hits="1" branch="false"/>
						<line number="1601" hits="0" branch="false"/>
						<line number="1602" hits="0" branch="false"/>
						<line number="1603" hits="0" branch="false"/>
						<line number="1607" hits="0" branch="false"/>
						<line number="1622" hits="1" branch="false"/>
						<line number="1624" hits="0" branch="false"/>
						<line number="1625" hits="0" branch="false"/>
						<line number="1627" hits="0" branch="false"/>
						<line number="1628" hits="0" branch="false"/>
						<line number="1629" hits="0" branch="false"/>
						<line number="1632" hits="0" branch="false"/>
						<line number="1647" hits="1" branch="false"/>
						<line number="1672" hits="1" branch="false"/>
						<line number="1675" hits="0" branch="false"/>
						<line number="1676" hits="0" branch="false"/>
						<line number="1678" hits="0" branch="false"/>
						<line number="1679" hits="0" branch="false"/>
						<line number="1680" hits="0" branch="false"/>
						<line number="1682" hits="0" branch="false"/>
						<line number="1683" hits="0" branch="false"/>
						<line number="1684" hits="0" branch="false"/>
						<line number="1686" hits="0" branch="false"/>
						<line number="1687" hits="0" branch="false"/>
						<line number="1689" hits="0" branch="false"/>
						<line number="1690" hits="0" branch="false"/>
						<line number="1692" hits="0" branch="false"/>
						<line number="1693" hits="0" branch="false"/>
						<line number="1695" hits="0" branch="false"/>
						<line number="1696" hits="0" branch="false"/>
						<line number="1697" hits="0" branch="false"/>
						<line number="1698" hits="0" branch="false"/>
						<line number="1699" hits="0" branch="false"/>
						<line number="1700" hits="0" branch="false"/>
						<line number="1734" hits="1" branch="false"/>
						<line number="1737" hits="0" branch="false"/>
						<line number="1739" hits="0" branch="false"/>
						<line number="1740" hits="0" branch="false"/>
						<line number="1744" hits="0" branch="false"/>
						<line number="1745" hits="0" branch="false"/>
						<line number="1747" hits="0" branch="false"/>
						<line number="1748" hits="0" branch="false"/>
						<line number="1750" hits="0" branch="false"/>
						<line number="1753" hits="0" branch="false"/>
						<line number="1779" hits="1" branch="false"/>
						<line number="1782" hits="0" branch="false"/>
						<line number="1785" hits="0" branch="false"/>
						<line number="1786" hits="0" branch="false"/>
						<line number="1788" hits="0" branch="false"/>
						<line number="1789" hits="0" branch="false"/>
						<line number="1791" hits="0" branch="false"/>
						<line number="1794" hits="0" branch="false"/>
						<line number="1795" hits="0" branch="false"/>
						<line number="1796" hits="0" branch="false"/>
						<line number="1797" hits="0" branch="false"/>
						<line number="1798" hits="0" branch="false"/>
						<line number="1800" hits="0" branch="false"/>
						<line number="1801" hits="0" branch="false"/>
						<line number="1805" hits="0" branch="false"/>
						<line number="1806" hits="0" branch="false"/>
						<line number="1807" hits="0" branch="false"/>
						<line number="1808" hits="0" branch="false"/>
						<line number="1811" hits="0" branch="false"/>
						<line number="1819" hits="1" branch="false"/>
						<line number="1825" hits="1" branch="false"/>
						<line number="1836" hits="1" branch="false"/>
						<line number="1837" hits="0" branch="false"/>
						<line number="1838" hits="0" branch="false"/>
						<line number="1839" hits="0" branch="false"/>
						<line number="1840" hits="0" branch="false"/>
						<line number="1847" hits="0" branch="false"/>
						<line number="1848" hits="0" branch="false"/>
						<line number="1851" hits="0" branch="false"/>
						<line number="1854" hits="0" branch="false"/>
						<line number="1873" hits="1" branch="false"/>
						<line number="1877" hits="0" branch="false"/>
						<line number="1880" hits="0" branch="false"/>
						<line number="1882" hits="0" branch="false"/>
						<line number="1883" hits="0" branch="false"/>
						<line number="1885" hits="0" branch="false"/>
						<line number="1888" hits="0" branch="false"/>
						<line number="1889" hits="0" branch="false"/>
						<line number="1890" hits="0" branch="false"/>
						<line number="1892" hits="0" branch="false"/>
						<line number="1893" hits="0" branch="false"/>
						<line number="1896" hits="0" branch="false"/>
						<line number="1899" hits="0" branch="false"/>
						<line number="1901" hits="0" branch="false"/>
						<line number="1904" hits="0" branch="false"/>
						<line number="1929" hits="1" branch="false"/>
						<line number="1933" hits="0" branch="false"/>
						<line number="1934" hits="0" branch="false"/>
						<line number="1936" hits="0" branch="false"/>
						<line number="1937" hits="0" branch="false"/>
						<line number="1939" hits="0" branch="false"/>
						<line number="1942" hits="0" branch="false"/>
						<line number="1958" hits="1" branch="false"/>
						<line number="1959" hits="0" branch="false"/>
						<line number="1960" hits="0" branch="false"/>
						<line number="1961" hits="0" branch="false"/>
						<line number="1963" hits="0" branch="false"/>
						<line number="1981" hits="1" branch="false"/>
						<line number="1982" hits="1" branch="false"/>
						<line number="1988" hits="1" branch="false"/>
						<line number="1991" hits="1" branch="false"/>
						<line number="1992" hits="0" branch="false"/>
						<line number="1995" hits="0" branch="false"/>
						<line number="2003" hits="1" branch="false"/>
						<line number="2005" hits="0" branch="false"/>
						<line number="2008" hits="1" branch="false"/>
						<line number="2025" hits="1" branch="false"/>
						<line number="2026" hits="0" branch="false"/>
						<line number="2028" hits="0" branch="false"/>
						<line number="2029" hits="0" branch="false"/>
						<line number="2030" hits="0" branch="false"/>
						<line number="2031" hits="0" branch="false"/>
						<line number="2032" hits="0" branch="false"/>
						<line number="2034" hits="0" branch="false"/>
						<line number="2035" hits="0" branch="false"/>
						<line number="2036" hits="0" branch="false"/>
						<line number="2037" hits="0" branch="false"/>
						<line number="2038" hits="0" branch="false"/>
						<line number="2042" hits="0" branch="false"/>
						<line number="2046" hits="0" branch="false"/>
						<line number="2048" hits="0" branch="false"/>
						<line number="2052" hits="0" branch="false"/>
						<line number="2068" hits="1" branch="false"/>
						<line number="2069" hits="0" branch="false"/>
						<line number="2070" hits="0" branch="false"/>
						<line number="2071" hits="0" branch="false"/>
						<line number="2072" hits="0" branch="false"/>
						<line number="2076" hits="0" branch="false"/>
						<line number="2085" hits="1" branch="false"/>
						<line number="2086" hits="0" branch="false"/>
						<line number="2095" hits="1" branch="false"/>
						<line number="2096" hits="0" branch="false"/>
						<line number="2115" hits="1" branch="false"/>
						<line number="2116" hits="0" branch="false"/>
						<line number="2118" hits="0" branch="false"/>
						<line number="2119" hits="0" branch="false"/>
						<line number="2120" hits="0" branch="false"/>
						<line number="2121" hits="0" branch="false"/>
						<line number="2122" hits="0" branch="false"/>
						<line number="2126" hits="0" branch="false"/>
						<line number="2138" hits="1" branch="false"/>
						<line number="2139" hits="0" branch="false"/>
						<line number="2140" hits="0" branch="false"/>
						<line number="2142" hits="0" branch="false"/>
						<line number="2143" hits="0" branch="false"/>
						<line number="2144" hits="0" branch="false"/>
						<line number="2146" hits="0" branch="false"/>
						<line number="2147" hits="0" branch="false"/>
						<line number="2151" hits="0" branch="false"/>
						<line number="2153" hits="0" branch="false"/>
						<line number="2166" hits="1" branch="false"/>
						<line number="2168" hits="0" branch="false"/>
						<line number="2170" hits="0" branch="false"/>
						<line number="2171" hits="0" branch="false"/>
						<line number="2174" hits="0" branch="false"/>
						<line number="2193" hits="1" branch="false"/>
						<line number="2209" hits="1" branch="false"/>
						<line number="2210" hits="4" branch="false"/>
						<line number="2211" hits="4" branch="false"/>
						<line number="2213" hits="4" branch="false"/>
						<line number="2214" hits="0" branch="false"/>
						<line number="2216" hits="4" branch="false"/>
						<line number="2229" hits="1" branch="false"/>
						<line number="2240" hits="1" branch="false"/>
						<line number="2246" hits="1" branch="false"/>
						<line number="2267" hits="1" branch="false"/>
						<line number="2268" hits="0" branch="false"/>
						<line number="2269" hits="0" branch="false"/>
						<line number="2271" hits="0" branch="false"/>
						<line number="2272" hits="0" branch="false"/>
						<line number="2273" hits="0" branch="false"/>
						<line number="2274" hits="0" branch="false"/>
						<line number="2275" hits="0" branch="false"/>
						<line number="2276" hits="0" branch="false"/>
						<line number="2277" hits="0" branch="false"/>
						<line number="2278" hits="0" branch="false"/>
						<line number="2279" hits="0" branch="false"/>
						<line number="2280" hits="0" branch="false"/>
						<line number="2282" hits="0" branch="false"/>
						<line number="2283" hits="0" branch="false"/>
						<line number="2285" hits="0" branch="false"/>
						<line number="2286" hits="0" branch="false"/>
						<line number="2287" hits="0" branch="false"/>
						<line number="2288" hits="0" branch="false"/>
						<line number="2289" hits="0" branch="false"/>
						<line number="2290" hits="0" branch="false"/>
						<line number="2291" hits="0" branch="false"/>
						<line number="2292" hits="0" branch="false"/>
						<line number="2295" hits="0" branch="false"/>
						<line number="2296" hits="0" branch="false"/>
						<line number="2298" hits="0" branch="false"/>
						<line number="2299" hits="0" branch="false"/>
						<line number="2300" hits="0" branch="false"/>
						<line number="2301" hits="0" branch="false"/>
						<line number="2303" hits="0" branch="false"/>
						<line number="2304" hits="0" branch="false"/>
						<line number="2305" hits="0" branch="false"/>
						<line number="2324" hits="1" branch="false"/>
						<line number="2325" hits="0" branch="false"/>
						<line number="2326" hits="0" branch="false"/>
						<line number="2327" hits="0" branch="false"/>
						<line number="2329" hits="0" branch="false"/>
						<line number="2330" hits="0" branch="false"/>
						<line number="2332" hits="0" branch="false"/>
						<line number="2333" hits="0" branch="false"/>
						<line number="2334" hits="0" branch="false"/>
						<line number="2335" hits="0" branch="false"/>
						<line number="2337" hits="0" branch="false"/>
						<line number="2338" hits="0" branch="false"/>
						<line number="2339" hits="0" branch="false"/>
						<line number="2340" hits="0" branch="false"/>
						<line number="2341" hits="0" branch="false"/>
						<line number="2342" hits="0" branch="false"/>
						<line number="2343" hits="0" branch="false"/>
						<line number="2344" hits="0" branch="false"/>
						<line number="2346" hits="0" branch="false"/>
						<line number="2347" hits="0" branch="false"/>
						<line number="2348" hits="0" branch="false"/>
						<line number="2349" hits="0" branch="false"/>
						<line number="2350" hits="0" branch="false"/>
						<line number="2351" hits="0" branch="false"/>
						<line number="2353" hits="0" branch="false"/>
						<line number="2354" hits="0" branch="false"/>
						<line number="2357" hits="0" branch="false"/>
						<line number="2358" hits="0" branch="false"/>
						<line number="2360" hits="0" branch="false"/>
						<line number="2361" hits="0" branch="false"/>
						<line number="2362" hits="0" branch="false"/>
						<line number="2365" hits="0" branch="false"/>
						<line number="2367" hits="0" branch="false"/>
						<line number="2389" hits="1" branch="false"/>
						<line number="2390" hits="0" branch="false"/>
						<line number="2392" hits="0" branch="false"/>
						<line number="2395" hits="0" branch="false"/>
						<line number="2396" hits="0" branch="false"/>
						<line number="2397" hits="0" branch="false"/>
						<line number="2398" hits="0" branch="false"/>
						<line number="2400" hits="0" branch="false"/>
						<line number="2403" hits="0" branch="false"/>
						<line number="2404" hits="0" branch="false"/>
						<line number="2405" hits="0" branch="false"/>
						<line number="2406" hits="0" branch="false"/>
						<line number="2407" hits="0" branch="false"/>
						<line number="2409" hits="0" branch="false"/>
						<line number="2410" hits="0" branch="false"/>
						<line number="2411" hits="0" branch="false"/>
						<line number="2413" hits="0" branch="false"/>
						<line number="2417" hits="0" branch="false"/>
						<line number="2419" hits="0" branch="false"/>
						<line number="2420" hits="0" branch="false"/>
						<line number="2422" hits="0" branch="false"/>
						<line number="2426" hits="0" branch="false"/>
						<line number="2427" hits="0" branch="false"/>
						<line number="2431" hits="0" branch="false"/>
						<line number="2432" hits="0" branch="false"/>
						<line number="2435" hits="0" branch="false"/>
						<line number="2438" hits="0" branch="false"/>
						<line number="2446" hits="1" branch="false"/>
						<line number="2461" hits="1" branch="false"/>
						<line number="2462" hits="1" branch="false"/>
						<line number="2463" hits="0" branch="false"/>
						<line number="2465" hits="1" branch="false"/>
						<line number="2467" hits="1" branch="false"/>
						<line number="2468" hits="1" branch="false"/>
						<line number="2480" hits="1" branch="false"/>
						<line number="2489" hits="1" branch="false"/>
						<line number="2490" hits="1" branch="false"/>
						<line number="2491" hits="1" branch="false"/>
						<line number="2494" hits="1" branch="false"/>
						<line number="2495" hits="1" branch="false"/>
						<line number="2556" hits="1" branch="false"/>
						<line number="2579" hits="1" branch="false"/>
						<line number="2593" hits="1" branch="false"/>
						<line number="2594" hits="0" branch="false"/>
						<line number="2596" hits="0" branch="false"/>
						<line number="2612" hits="1" branch="false"/>
						<line number="2613" hits="0" branch="false"/>
						<line number="2614" hits="0" branch="false"/>
						<line number="2615" hits="0" branch="false"/>
						<line number="2616" hits="0" branch="false"/>
						<line number="2618" hits="0" branch="false"/>
						<line number="2619" hits="0" branch="false"/>
						<line number="2622" hits="0" branch="false"/>
						<line number="2637" hits="1" branch="false"/>
						<line number="2639" hits="0" branch="false"/>
						<line number="2640" hits="0" branch="false"/>
						<line number="2643" hits="0" branch="false"/>
						<line number="2645" hits="0" branch="false"/>
						<line number="2690" hits="1" branch="false"/>
						<line number="2695" hits="0" branch="false"/>
						<line number="2696" hits="0" branch="false"/>
						<line number="2697" hits="0" branch="false"/>
						<line number="2700" hits="0" branch="false"/>
						<line number="2707" hits="0" branch="false"/>
						<line number="2712" hits="0" branch="false"/>
						<line number="2713" hits="0" branch="false"/>
						<line number="2715" hits="0" branch="false"/>
						<line number="2716" hits="0" branch="false"/>
						<line number="2717" hits="0" branch="false"/>
						<line number="2718" hits="0" branch="false"/>
						<line number="2720" hits="0" branch="false"/>
						<line number="2721" hits="0" branch="false"/>
						<line number="2723" hits="0" branch="false"/>
						<line number="2728" hits="0" branch="false"/>
						<line number="2729" hits="0" branch="false"/>
						<line number="2730" hits="0" branch="false"/>
						<line number="2731" hits="0" branch="false"/>
						<line number="2734" hits="0" branch="false"/>
						<line number="2735" hits="0" branch="false"/>
						<line number="2736" hits="0" branch="false"/>
						<line number="2737" hits="0" branch="false"/>
						<line number="2738" hits="0" branch="false"/>
						<line number="2739" hits="0" branch="false"/>
						<line number="2740" hits="0" branch="false"/>
						<line number="2741" hits="0" branch="false"/>
						<line number="2745" hits="0" branch="false"/>
						<line number="2748" hits="0" branch="false"/>
						<line number="2750" hits="0" branch="false"/>
						<line number="2754" hits="0" branch="false"/>
						<line number="2755" hits="0" branch="false"/>
						<line number="2756" hits="0" branch="false"/>
						<line number="2758" hits="0" branch="false"/>
						<line number="2759" hits="0" branch="false"/>
						<line number="2761" hits="0" branch="false"/>
						<line number="2765" hits="0" branch="false"/>
						<line number="2779" hits="1" branch="false"/>
						<line number="2780" hits="0" branch="false"/>
						<line number="2781" hits="0" branch="false"/>
						<line number="2782" hits="0" branch="false"/>
						<line number="2785" hits="0" branch="false"/>
						<line number="2787" hits="0" branch="false"/>
						<line number="2815" hits="1" branch="false"/>
						<line number="2816" hits="0" branch="false"/>
						<line number="2818" hits="0" branch="false"/>
						<line number="2825" hits="0" branch="false"/>
						<line number="2826" hits="0" branch="false"/>
						<line number="2829" hits="0" branch="false"/>
						<line number="2830" hits="0" branch="false"/>
						<line number="2831" hits="0" branch="false"/>
						<line number="2832" hits="0" branch="false"/>
						<line number="2838" hits="0" branch="false"/>
						<line number="2839" hits="0" branch="false"/>
						<line number="2840" hits="0" branch="false"/>
						<line number="2842" hits="0" branch="false"/>
						<line number="2845" hits="0" branch="false"/>
						<line number="2846" hits="0" branch="false"/>
						<line number="2849" hits="0" branch="false"/>
						<line number="2870" hits="1" branch="false"/>
						<line number="2871" hits="0" branch="false"/>
						<line number="2874" hits="0" branch="false"/>
						<line number="2875" hits="0" branch="false"/>
						<line number="2876" hits="0" branch="false"/>
						<line number="2877" hits="0" branch="false"/>
						<line number="2878" hits="0" branch="false"/>
						<line number="2880" hits="0" branch="false"/>
						<line number="2883" hits="0" branch="false"/>
						<line number="2884" hits="0" branch="false"/>
						<line number="2885" hits="0" branch="false"/>
						<line number="2889" hits="0" branch="false"/>
						<line number="2890" hits="0" branch="false"/>
						<line number="2893" hits="0" branch="false"/>
						<line number="2894" hits="0" branch="false"/>
						<line number="2896" hits="0" branch="false"/>
						<line number="2899" hits="0" branch="false"/>
						<line number="2902" hits="0" branch="false"/>
						<line number="2905" hits="0" branch="false"/>
						<line number="2906" hits="0" branch="false"/>
						<line number="2908" hits="0" branch="false"/>
						<line number="2912" hits="0" branch="false"/>
						<line number="2915" hits="0" branch="false"/>
						<line number="2916" hits="0" branch="false"/>
						<line number="2917" hits="0" branch="false"/>
						<line number="2918" hits="0" branch="false"/>
						<line number="2920" hits="0" branch="false"/>
						<line number="2928" hits="0" branch="false"/>
						<line number="2930" hits="0" branch="false"/>
						<line number="2943" hits="1" branch="false"/>
						<line number="2944" hits="0" branch="false"/>
						<line number="2946" hits="0" branch="false"/>
						<line number="2947" hits="0" branch="false"/>
						<line number="2949" hits="0" branch="false"/>
						<line number="2950" hits="0" branch="false"/>
						<line number="2952" hits="0" branch="false"/>
						<line number="2955" hits="0" branch="false"/>
						<line number="2962" hits="1" branch="false"/>
						<line number="2963" hits="1" branch="false"/>
						<line number="2964" hits="1" branch="false"/>
						<line number="2971" hits="1" branch="false"/>
						<line number="2972" hits="1" branch="false"/>
						<line number="2973" hits="1" branch="false"/>
						<line number="2987" hits="1" branch="false"/>
						<line number="2988" hits="1" branch="false"/>
						<line number="2989" hits="1" branch="false"/>
						<line number="2990" hits="1" branch="false"/>
						<line number="2991" hits="0" branch="false"/>
						<line number="2992" hits="1" branch="false"/>
						<line number="2993" hits="0" branch="false"/>
						<line number="2994" hits="1" branch="false"/>
						<line number="2995" hits="1" branch="false"/>
						<line number="2996" hits="0" branch="false"/>
						<line number="2997" hits="0" branch="false"/>
						<line number="2998" hits="0" branch="false"/>
						<line number="3000" hits="0" branch="false"/>
						<line number="3003" hits="1" branch="false"/>
						<line number="3023" hits="1" branch="false"/>
						<line number="3024" hits="0" branch="false"/>
						<line number="3051" hits="1" branch="false"/>
						<line number="3053" hits="0" branch="false"/>
						<line number="3056" hits="0" branch="false"/>
						<line number="3057" hits="0" branch="false"/>
						<line number="3059" hits="0" branch="false"/>
						<line number="3064" hits="0" branch="false"/>
						<line number="3065" hits="0" branch="false"/>
						<line number="3066" hits="0" branch="false"/>
						<line number="3067" hits="0" branch="false"/>
						<line number="3068" hits="0" branch="false"/>
						<line number="3069" hits="0" branch="false"/>
						<line number="3070" hits="0" branch="false"/>
						<line number="3071" hits="0" branch="false"/>
						<line number="3072" hits="0" branch="false"/>
						<line number="3073" hits="0" branch="false"/>
						<line number="3075" hits="0" branch="false"/>
						<line number="3077" hits="0" branch="false"/>
						<line number="3079" hits="0" branch="false"/>
						<line number="3080" hits="0" branch="false"/>
						<line number="3081" hits="0" branch="false"/>
						<line number="3082" hits="0" branch="false"/>
						<line number="3083" hits="0" branch="false"/>
						<line number="3084" hits="0" branch="false"/>
						<line number="3085" hits="0" branch="false"/>
						<line number="3087" hits="0" branch="false"/>
						<line number="3090" hits="0" branch="false"/>
						<line number="3091" hits="0" branch="false"/>
						<line number="3092" hits="0" branch="false"/>
						<line number="3093" hits="0" branch="false"/>
						<line number="3094" hits="0" branch="false"/>
						<line number="3095" hits="0" branch="false"/>
						<line number="3096" hits="0" branch="false"/>
						<line number="3101" hits="0" branch="false"/>
						<line number="3102" hits="0" branch="false"/>
						<line number="3106" hits="0" branch="false"/>
						<line number="3107" hits="0" branch="false"/>
						<line number="3110" hits="0" branch="false"/>
						<line number="3111" hits="0" branch="false"/>
						<line number="3112" hits="0" branch="false"/>
						<line number="3113" hits="0" branch="false"/>
						<line number="3114" hits="0" branch="false"/>
						<line number="3119" hits="0" branch="false"/>
						<line number="3122" hits="0" branch="false"/>
						<line number="3123" hits="0" branch="false"/>
						<line number="3125" hits="0" branch="false"/>
						<line number="3129" hits="0" branch="false"/>
						<line number="3130" hits="0" branch="false"/>
						<line number="3133" hits="0" branch="false"/>
						<line number="3136" hits="0" branch="false"/>
						<line number="3137" hits="0" branch="false"/>
						<line number="3141" hits="0" branch="false"/>
						<line number="3142" hits="0" branch="false"/>
						<line number="3143" hits="0" branch="false"/>
						<line number="3144" hits="0" branch="false"/>
						<line number="3146" hits="0" branch="false"/>
						<line number="3149" hits="0" branch="false"/>
						<line number="3167" hits="1" branch="false"/>
						<line number="3169" hits="0" branch="false"/>
						<line number="3171" hits="0" branch="false"/>
						<line number="3172" hits="0" branch="false"/>
						<line number="3173" hits="0" branch="false"/>
						<line number="3174" hits="0" branch="false"/>
						<line number="3175" hits="0" branch="false"/>
						<line number="3178" hits="0" branch="false"/>
						<line number="3179" hits="0" branch="false"/>
						<line number="3180" hits="0" branch="false"/>
						<line number="3181" hits="0" branch="false"/>
						<line number="3182" hits="0" branch="false"/>
						<line number="3183" hits="0" branch="false"/>
						<line number="3185" hits="0" branch="false"/>
						<line number="3188" hits="0" branch="false"/>
						<line number="3189" hits="0" branch="false"/>
						<line number="3190" hits="0" branch="false"/>
						<line number="3193" hits="0" branch="false"/>
						<line number="3195" hits="0" branch="false"/>
						<line number="3198" hits="0" branch="false"/>
						<line number="3201" hits="0" branch="false"/>
						<line number="3203" hits="0" branch="false"/>
						<line number="3206" hits="0" branch="false"/>
						<line number="3209" hits="0" branch="false"/>
						<line number="3210" hits="0" branch="false"/>
						<line number="3213" hits="0" branch="false"/>
						<line number="3232" hits="1" branch="false"/>
						<line number="3233" hits="0" branch="false"/>
						<line number="3234" hits="0" branch="false"/>
						<line number="3237" hits="0" branch="false"/>
						<line number="3239" hits="0" branch="false"/>
						<line number="3240" hits="0" branch="false"/>
						<line number="3242" hits="0" branch="false"/>
						<line number="3243" hits="0" branch="false"/>
						<line number="3244" hits="0" branch="false"/>
						<line number="3245" hits="0" branch="false"/>
						<line number="3246" hits="0" branch="false"/>
						<line number="3247" hits="0" branch="false"/>
						<line number="3249" hits="0" branch="false"/>
						<line number="3250" hits="0" branch="false"/>
						<line number="3251" hits="0" branch="false"/>
						<line number="3252" hits="0" branch="false"/>
						<line number="3253" hits="0" branch="false"/>
						<line number="3254" hits="0" branch="false"/>
						<line number="3258" hits="0" branch="false"/>
						<line number="3259" hits="0" branch="false"/>
						<line number="3261" hits="0" branch="false"/>
						<line number="3263" hits="0" branch="false"/>
						<line number="3264" hits="0" branch="false"/>
						<line number="3265" hits="0" branch="false"/>
						<line number="3267" hits="0" branch="false"/>
						<line number="3269" hits="0" branch="false"/>
						<line number="3270" hits="0" branch="false"/>
						<line number="3271" hits="0" branch="false"/>
						<line number="3273" hits="0" branch="false"/>
						<line number="3277" hits="0" branch="false"/>
						<line number="3278" hits="0" branch="false"/>
						<line number="3280" hits="0" branch="false"/>
						<line number="3282" hits="0" branch="false"/>
						<line number="3295" hits="1" branch="false"/>
						<line number="3296" hits="0" branch="false"/>
						<line number="3297" hits="0" branch="false"/>
						<line number="3298" hits="0" branch="false"/>
						<line number="3299" hits="0" branch="false"/>
						<line number="3304" hits="0" branch="false"/>
						<line number="3306" hits="0" branch="false"/>
						<line number="3307" hits="0" branch="false"/>
						<line number="3309" hits="0" branch="false"/>
						<line number="3338" hits="1" branch="false"/>
						<line number="3421" hits="0" branch="false"/>
						<line number="3550" hits="1" branch="false"/>
						<line number="3555" hits="1" branch="false"/>
						<line number="3556" hits="1" branch="false"/>
						<line number="3557" hits="6" branch="false"/>
						<line number="3558" hits="0" branch="false"/>
						<line number="3559" hits="0" branch="false"/>
						<line number="3560" hits="0" branch="false"/>
						<line number="3592" hits="1" branch="false"/>
						<line number="3642" hits="1" branch="false"/>
						<line number="3643" hits="0" branch="false"/>
						<line number="3644" hits="0" branch="false"/>
						<line number="3645" hits="0" branch="false"/>
						<line number="3646" hits="0" branch="false"/>
						<line number="3648" hits="1" branch="false"/>
						<line number="3649" hits="1" branch="false"/>
						<line number="3651" hits="1" branch="false"/>
						<line number="3652" hits="1" branch="false"/>
						<line number="3654" hits="1" branch="false"/>
						<line number="3655" hits="1" branch="false"/>
						<line number="3657" hits="1" branch="false"/>
						<line number="3658" hits="1" branch="false"/>
						<line number="3670" hits="0" branch="false"/>
						<line number="3687" hits="0" branch="false"/>
						<line number="3688" hits="0" branch="false"/>
						<line number="3689" hits="0" branch="false"/>
						<line number="3694" hits="0" branch="false"/>
						<line number="3705" hits="0" branch="false"/>
						<line number="3723" hits="0" branch="false"/>
						<line number="3724" hits="0" branch="false"/>
						<line number="3726" hits="0" branch="false"/>
						<line number="3744" hits="0" branch="false"/>
						<line number="3745" hits="0" branch="false"/>
						<line number="3747" hits="0" branch="false"/>
						<line number="3748" hits="0" branch="false"/>
						<line number="3749" hits="0" branch="false"/>
						<line number="3750" hits="0" branch="false"/>
						<line number="3751" hits="0" branch="false"/>
						<line number="3752" hits="0" branch="false"/>
						<line number="3753" hits="0" branch="false"/>
						<line number="3755" hits="0" branch="false"/>
						<line number="3768" hits="0" branch="false"/>
						<line number="3786" hits="0" branch="false"/>
						<line number="3797" hits="0" branch="false"/>
						<line number="3808" hits="0" branch="false"/>
						<line number="3820" hits="0" branch="false"/>
						<line number="3833" hits="0" branch="false"/>
						<line number="3834" hits="0" branch="false"/>
						<line number="3838" hits="0" branch="false"/>
						<line number="3857" hits="0" branch="false"/>
						<line number="3858" hits="0" branch="false"/>
						<line number="3861" hits="0" branch="false"/>
						<line number="3864" hits="0" branch="false"/>
						<line number="3865" hits="0" branch="false"/>
						<line number="3866" hits="0" branch="false"/>
						<line number="3868" hits="0" branch="false"/>
						<line number="3869" hits="0" branch="false"/>
						<line number="3872" hits="0" branch="false"/>
						<line number="3873" hits="0" branch="false"/>
						<line number="3874" hits="0" branch="false"/>
						<line number="3875" hits="0" branch="false"/>
						<line number="3877" hits="0" branch="false"/>
						<line number="3905" hits="0" branch="false"/>
						<line number="3906" hits="0" branch="false"/>
						<line number="3908" hits="0" branch="false"/>
						<line number="3926" hits="0" branch="false"/>
						<line number="3927" hits="0" branch="false"/>
						<line number="3929" hits="0" branch="false"/>
						<line number="3930" hits="0" branch="false"/>
						<line number="3932" hits="0" branch="false"/>
						<line number="3933" hits="0" branch="false"/>
						<line number="3937" hits="0" branch="false"/>
						<line number="3939" hits="0" branch="false"/>
						<line number="3940" hits="0" branch="false"/>
						<line number="3942" hits="0" branch="false"/>
						<line number="3943" hits="0" branch="false"/>
						<line number="3945" hits="0" branch="false"/>
						<line number="3946" hits="0" branch="false"/>
						<line number="3948" hits="0" branch="false"/>
						<line number="3949" hits="0" branch="false"/>
						<line number="3951" hits="0" branch="false"/>
						<line number="3966" hits="0" branch="false"/>
						<line number="3968" hits="0" branch="false"/>
						<line number="3969" hits="0" branch="false"/>
						<line number="3971" hits="0" branch="false"/>
						<line number="3972" hits="0" branch="false"/>
						<line number="3974" hits="0" branch="false"/>
						<line number="3975" hits="0" branch="false"/>
						<line number="3977" hits="0" branch="false"/>
						<line number="3978" hits="0" branch="false"/>
						<line number="4003" hits="0" branch="false"/>
						<line number="4004" hits="0" branch="false"/>
						<line number="4006" hits="0" branch="false"/>
						<line number="4007" hits="0" branch="false"/>
						<line number="4009" hits="0" branch="false"/>
						<line number="4010" hits="0" branch="false"/>
						<line number="4011" hits="0" branch="false"/>
						<line number="4012" hits="0" branch="false"/>
						<line number="4013" hits="0" branch="false"/>
						<line number="4018" hits="0" branch="false"/>
						<line number="4034" hits="0" branch="false"/>
						<line number="4053" hits="0" branch="false"/>
						<line number="4054" hits="0" branch="false"/>
						<line number="4057" hits="0" branch="false"/>
						<line number="4058" hits="0" branch="false"/>
						<line number="4061" hits="0" branch="false"/>
						<line number="4062" hits="0" branch="false"/>
						<line number="4064" hits="0" branch="false"/>
						<line number="4065" hits="0" branch="false"/>
						<line number="4066" hits="0" branch="false"/>
						<line number="4069" hits="0" branch="false"/>
						<line number="4072" hits="0" branch="false"/>
						<line number="4098" hits="0" branch="false"/>
						<line number="4099" hits="0" branch="false"/>
						<line number="4101" hits="0" branch="false"/>
						<line number="4102" hits="0" branch="false"/>
						<line number="4103" hits="0" branch="false"/>
						<line number="4104" hits="0" branch="false"/>
						<line number="4106" hits="0" branch="false"/>
						<line number="4108" hits="0" branch="false"/>
						<line number="4109" hits="0" branch="false"/>
						<line number="4111" hits="0" branch="false"/>
						<line number="4112" hits="0" branch="false"/>
						<line number="4121" hits="0" branch="false"/>
						<line number="4124" hits="0" branch="false"/>
						<line number="4128" hits="0" branch="false"/>
						<line number="4132" hits="0" branch="false"/>
						<line number="4136" hits="0" branch="false"/>
						<line number="4140" hits="0" branch="false"/>
						<line number="4143" hits="0" branch="false"/>
						<line number="4144" hits="0" branch="false"/>
						<line number="4145" hits="0" branch="false"/>
						<line number="4146" hits="0" branch="false"/>
						<line number="4147" hits="0" branch="false"/>
						<line number="4148" hits="0" branch="false"/>
						<line number="4149" hits="0" branch="false"/>
						<line number="4150" hits="0" branch="false"/>
						<line number="4151" hits="0" branch="false"/>
						<line number="4152" hits="0" branch="false"/>
						<line number="4153" hits="0" branch="false"/>
						<line number="4156" hits="0" branch="false"/>
						<line number="4174" hits="0" branch="false"/>
						<line number="4175" hits="0" branch="false"/>
						<line number="4177" hits="0" branch="false"/>
						<line number="4178" hits="0" branch="false"/>
						<line number="4180" hits="0" branch="false"/>
						<line number="4181" hits="0" branch="false"/>
						<line number="4182" hits="0" branch="false"/>
						<line number="4183" hits="0" branch="false"/>
						<line number="4185" hits="0" branch="false"/>
						<line number="4203" hits="0" branch="false"/>
						<line number="4204" hits="0" branch="false"/>
						<line number="4206" hits="0" branch="false"/>
						<line number="4207" hits="0" branch="false"/>
						<line number="4209" hits="0" branch="false"/>
						<line number="4225" hits="0" branch="false"/>
						<line number="4226" hits="0" branch="false"/>
						<line number="4228" hits="0" branch="false"/>
						<line number="4230" hits="0" branch="false"/>
						<line number="4232" hits="0" branch="false"/>
						<line number="4234" hits="0" branch="false"/>
						<line number="4235" hits="0" branch="false"/>
						<line number="4236" hits="0" branch="false"/>
						<line number="4237" hits="0" branch="false"/>
						<line number="4238" hits="0" branch="false"/>
						<line number="4271" hits="0" branch="false"/>
						<line number="4273" hits="0" branch="false"/>
						<line number="4274" hits="0" branch="false"/>
						<line number="4276" hits="0" branch="false"/>
						<line number="4278" hits="0" branch="false"/>
						<line number="4279" hits="0" branch="false"/>
						<line number="4282" hits="0" branch="false"/>
						<line number="4284" hits="0" branch="false"/>
						<line number="4288" hits="0" branch="false"/>
						<line number="4290" hits="0" branch="false"/>
						<line number="4294" hits="0" branch="false"/>
						<line number="4295" hits="0" branch="false"/>
						<line number="4297" hits="0" branch="false"/>
						<line number="4301" hits="0" branch="false"/>
						<line number="4326" hits="1" branch="false"/>
						<line number="4327" hits="0" branch="false"/>
						<line number="4328" hits="0" branch="false"/>
						<line number="4348" hits="1" branch="false"/>
						<line number="4349" hits="0" branch="false"/>
						<line number="4371" hits="1" branch="false"/>
						<line number="4372" hits="0" branch="false"/>
						<line number="4398" hits="1" branch="false"/>
						<line number="4399" hits="0" branch="false"/>
						<line number="4401" hits="0" branch="false"/>
						<line number="4402" hits="0" branch="false"/>
						<line number="4404" hits="0" branch="false"/>
						<line number="4423" hits="1" branch="false"/>
						<line number="4435" hits="0" branch="false"/>
						<line number="4446" hits="0" branch="false"/>
						<line number="4447" hits="0" branch="false"/>
						<line number="4448" hits="0" branch="false"/>
						<line number="4450" hits="0" branch="false"/>
						<line number="4462" hits="0" branch="false"/>
						<line number="4463" hits="0" branch="false"/>
						<line number="4476" hits="0" branch="false"/>
						<line number="4477" hits="0" branch="false"/>
						<line number="4492" hits="0" branch="false"/>
						<line number="4493" hits="0" branch="false"/>
						<line number="4509" hits="0" branch="false"/>
						<line number="4510" hits="0" branch="false"/>
						<line number="4512" hits="0" branch="false"/>
						<line number="4528" hits="0" branch="false"/>
						<line number="4529" hits="0" branch="false"/>
						<line number="4530" hits="0" branch="false"/>
						<line number="4536" hits="0" branch="false"/>
						<line number="4552" hits="0" branch="false"/>
						<line number="4553" hits="0" branch="false"/>
						<line number="4555" hits="0" branch="false"/>
						<line number="4557" hits="0" branch="false"/>
						<line number="4571" hits="0" branch="false"/>
						<line number="4573" hits="0" branch="false"/>
						<line number="4574" hits="0" branch="false"/>
						<line number="4575" hits="0" branch="false"/>
						<line number="4576" hits="0" branch="false"/>
						<line number="4577" hits="0" branch="false"/>
						<line number="4580" hits="0" branch="false"/>
						<line number="4581" hits="0" branch="false"/>
						<line number="4582" hits="0" branch="false"/>
						<line number="4583" hits="0" branch="false"/>
						<line number="4587" hits="0" branch="false"/>
						<line number="4588" hits="0" branch="false"/>
						<line number="4591" hits="0" branch="false"/>
						<line number="4595" hits="0" branch="false"/>
						<line number="4616" hits="1" branch="false"/>
						<line number="4647" hits="0" branch="false"/>
						<line number="4648" hits="0" branch="false"/>
						<line number="4649" hits="0" branch="false"/>
						<line number="4651" hits="0" branch="false"/>
						<line number="4652" hits="0" branch="false"/>
						<line number="4664" hits="0" branch="false"/>
						<line number="4675" hits="0" branch="false"/>
						<line number="4686" hits="0" branch="false"/>
						<line number="4701" hits="0" branch="false"/>
						<line number="4702" hits="0" branch="false"/>
						<line number="4704" hits="0" branch="false"/>
						<line number="4721" hits="0" branch="false"/>
						<line number="4722" hits="0" branch="false"/>
						<line number="4723" hits="0" branch="false"/>
						<line number="4726" hits="0" branch="false"/>
						<line number="4742" hits="0" branch="false"/>
						<line number="4744" hits="0" branch="false"/>
						<line number="4745" hits="0" branch="false"/>
						<line number="4746" hits="0" branch="false"/>
						<line number="4762" hits="0" branch="false"/>
						<line number="4764" hits="0" branch="false"/>
						<line number="4766" hits="0" branch="false"/>
						<line number="4767" hits="0" branch="false"/>
						<line number="4771" hits="0" branch="false"/>
						<line number="4772" hits="0" branch="false"/>
						<line number="4776" hits="0" branch="false"/>
						<line number="4795" hits="1" branch="false"/>
						<line number="4796" hits="0" branch="false"/>
						<line number="4797" hits="0" branch="false"/>
						<line number="4812" hits="1" branch="false"/>
						<line number="4813" hits="0" branch="false"/>
						<line number="4816" hits="0" branch="false"/>
						<line number="4835" hits="1" branch="false"/>
						<line number="4861" hits="0" branch="false"/>
						<line number="4862" hits="0" branch="false"/>
						<line number="4873" hits="0" branch="false"/>
						<line number="4884" hits="0" branch="false"/>
						<line number="4900" hits="0" branch="false"/>
						<line number="4901" hits="0" branch="false"/>
						<line number="4902" hits="0" branch="false"/>
						<line number="4905" hits="0" branch="false"/>
						<line number="4920" hits="0" branch="false"/>
						<line number="4938" hits="0" branch="false"/>
						<line number="4939" hits="0" branch="false"/>
						<line number="4941" hits="0" branch="false"/>
						<line number="4956" hits="0" branch="false"/>
						<line number="4957" hits="0" branch="false"/>
						<line number="4958" hits="0" branch="false"/>
						<line number="4960" hits="0" branch="false"/>
						<line number="4982" hits="1" branch="false"/>
						<line number="5006" hits="0" branch="false"/>
						<line number="5007" hits="0" branch="false"/>
						<line number="5019" hits="0" branch="false"/>
						<line number="5031" hits="0" branch="false"/>
						<line number="5048" hits="0" branch="false"/>
						<line number="5049" hits="0" branch="false"/>
						<line number="5050" hits="0" branch="false"/>
						<line number="5053" hits="0" branch="false"/>
						<line number="5077" hits="1" branch="false"/>
						<line number="5102" hits="4" branch="false"/>
						<line number="5103" hits="4" branch="false"/>
						<line number="5105" hits="0" branch="false"/>
						<line number="5121" hits="4" branch="false"/>
						<line number="5122" hits="4" branch="false"/>
						<line number="5123" hits="4" branch="false"/>
						<line number="5126" hits="4" branch="false"/>
						<line number="5127" hits="0" branch="false"/>
						<line number="5128" hits="0" branch="false"/>
						<line number="5129" hits="0" branch="false"/>
						<line number="5133" hits="0" branch="false"/>
						<line number="5134" hits="0" branch="false"/>
						<line number="5135" hits="0" branch="false"/>
						<line number="5136" hits="0" branch="false"/>
						<line number="5139" hits="0" branch="false"/>
						<line number="5140" hits="0" branch="false"/>
						<line number="5144" hits="0" branch="false"/>
						<line number="5147" hits="0" branch="false"/>
						<line number="5165" hits="4" branch="false"/>
						<line number="5166" hits="0" branch="false"/>
						<line number="5167" hits="0" branch="false"/>
						<line number="5169" hits="0" branch="false"/>
						<line number="5171" hits="0" branch="false"/>
						<line number="5172" hits="0" branch="false"/>
						<line number="5174" hits="0" branch="false"/>
						<line number="5195" hits="1" branch="false"/>
						<line number="5216" hits="1" branch="false"/>
						<line number="5274" hits="0" branch="false"/>
						<line number="5275" hits="0" branch="false"/>
						<line number="5276" hits="0" branch="false"/>
						<line number="5277" hits="0" branch="false"/>
						<line number="5287" hits="0" branch="false"/>
						<line number="5288" hits="0" branch="false"/>
						<line number="5289" hits="0" branch="false"/>
						<line number="5293" hits="0" branch="false"/>
						<line number="5294" hits="0" branch="false"/>
						<line number="5297" hits="0" branch="false"/>
						<line number="5298" hits="0" branch="false"/>
						<line number="5299" hits="0" branch="false"/>
						<line number="5300" hits="0" branch="false"/>
						<line number="5301" hits="0" branch="false"/>
						<line number="5302" hits="0" branch="false"/>
						<line number="5303" hits="0" branch="false"/>
						<line number="5305" hits="0" branch="false"/>
						<line number="5306" hits="0" branch="false"/>
						<line number="5307" hits="0" branch="false"/>
						<line number="5320" hits="0" branch="false"/>
						<line number="5321" hits="0" branch="false"/>
						<line number="5322" hits="0" branch="false"/>
						<line number="5323" hits="0" branch="false"/>
						<line number="5325" hits="0" branch="false"/>
						<line number="5343" hits="0" branch="false"/>
						<line number="5344" hits="0" branch="false"/>
						<line number="5346" hits="0" branch="false"/>
						<line number="5356" hits="0" branch="false"/>
						<line number="5386" hits="0" branch="false"/>
						<line number="5387" hits="0" branch="false"/>
						<line number="5388" hits="0" branch="false"/>
						<line number="5389" hits="0" branch="false"/>
						<line number="5391" hits="0" branch="false"/>
						<line number="5398" hits="0" branch="false"/>
						<line number="5399" hits="0" branch="false"/>
						<line number="5402" hits="0" branch="false"/>
						<line number="5404" hits="0" branch="false"/>
						<line number="5416" hits="0" branch="false"/>
						<line number="5417" hits="0" branch="false"/>
						<line number="5418" hits="0" branch="false"/>
						<line number="5419" hits="0" branch="false"/>
						<line number="5435" hits="1" branch="false"/>
						<line number="5458" hits="1" branch="false"/>
						<line number="5561" hits="0" branch="false"/>
						<line number="5563" hits="0" branch="false"/>
						<line number="5564" hits="0" branch="false"/>
						<line number="5565" hits="0" branch="false"/>
						<line number="5566" hits="0" branch="false"/>
						<line number="5567" hits="0" branch="false"/>
						<line number="5568" hits="0" branch="false"/>
						<line number="5571" hits="0" branch="false"/>
						<line number="5579" hits="0" branch="false"/>
						<line number="5580" hits="0" branch="false"/>
						<line number="5581" hits="0" branch="false"/>
						<line number="5584" hits="0" branch="false"/>
						<line number="5585" hits="0" branch="false"/>
						<line number="5586" hits="0" branch="false"/>
						<line number="5598" hits="0" branch="false"/>
						<line number="5622" hits="0" branch="false"/>
						<line number="5623" hits="0" branch="false"/>
						<line number="5624" hits="0" branch="false"/>
						<line number="5625" hits="0" branch="false"/>
						<line number="5626" hits="0" branch="false"/>
						<line number="5627" hits="0" branch="false"/>
						<line number="5629" hits="0" branch="false"/>
						<line number="5630" hits="0" branch="false"/>
						<line number="5633" hits="0" branch="false"/>
						<line number="5650" hits="0" branch="false"/>
						<line number="5666" hits="0" branch="false"/>
						<line number="5690" hits="0" branch="false"/>
						<line number="5707" hits="0" branch="false"/>
						<line number="5708" hits="0" branch="false"/>
						<line number="5709" hits="0" branch="false"/>
						<line number="5712" hits="0" branch="false"/>
						<line number="5734" hits="0" branch="false"/>
						<line number="5736" hits="0" branch="false"/>
						<line number="5739" hits="0" branch="false"/>
						<line number="5740" hits="0" branch="false"/>
						<line number="5741" hits="0" branch="false"/>
						<line number="5743" hits="0" branch="false"/>
						<line number="5746" hits="0" branch="false"/>
						<line number="5747" hits="0" branch="false"/>
						<line number="5748" hits="0" branch="false"/>
						<line number="5750" hits="0" branch="false"/>
						<line number="5751" hits="0" branch="false"/>
						<line number="5762" hits="0" branch="false"/>
						<line number="5763" hits="0" branch="false"/>
						<line number="5766" hits="0" branch="false"/>
						<line number="5767" hits="0" branch="false"/>
						<line number="5770" hits="0" branch="false"/>
						<line number="5772" hits="0" branch="false"/>
						<line number="5773" hits="0" branch="false"/>
						<line number="5775" hits="0" branch="false"/>
						<line number="5777" hits="0" branch="false"/>
						<line number="5778" hits="0" branch="false"/>
						<line number="5780" hits="0" branch="false"/>
						<line number="5781" hits="0" branch="false"/>
						<line number="5784" hits="0" branch="false"/>
						<line number="5786" hits="0" branch="false"/>
						<line number="5789" hits="0" branch="false"/>
						<line number="5790" hits="0" branch="false"/>
						<line number="5792" hits="0" branch="false"/>
						<line number="5793" hits="0" branch="false"/>
						<line number="5863" hits="1" branch="false"/>
						<line number="5960" hits="1" branch="false"/>
						<line number="6061" hits="0" branch="false"/>
						<line number="6062" hits="0" branch="false"/>
						<line number="6063" hits="0" branch="false"/>
						<line number="6064" hits="0" branch="false"/>
						<line number="6069" hits="0" branch="false"/>
						<line number="6072" hits="0" branch="false"/>
						<line number="6080" hits="0" branch="false"/>
						<line number="6081" hits="0" branch="false"/>
						<line number="6082" hits="0" branch="false"/>
						<line number="6084" hits="0" branch="false"/>
						<line number="6085" hits="0" branch="false"/>
						<line number="6100" hits="0" branch="false"/>
						<line number="6103" hits="0" branch="false"/>
						<line number="6105" hits="0" branch="false"/>
						<line number="6106" hits="0" branch="false"/>
						<line number="6107" hits="0" branch="false"/>
						<line number="6108" hits="0" branch="false"/>
						<line number="6109" hits="0" branch="false"/>
						<line number="6111" hits="0" branch="false"/>
						<line number="6113" hits="0" branch="false"/>
						<line number="6114" hits="0" branch="false"/>
						<line number="6115" hits="0" branch="false"/>
						<line number="6117" hits="0" branch="false"/>
						<line number="6118" hits="0" branch="false"/>
						<line number="6124" hits="0" branch="false"/>
						<line number="6125" hits="0" branch="false"/>
						<line number="6126" hits="0" branch="false"/>
						<line number="6127" hits="0" branch="false"/>
						<line number="6132" hits="0" branch="false"/>
						<line number="6133" hits="0" branch="false"/>
						<line number="6136" hits="0" branch="false"/>
						<line number="6137" hits="0" branch="false"/>
						<line number="6140" hits="0" branch="false"/>
						<line number="6155" hits="0" branch="false"/>
						<line number="6159" hits="0" branch="false"/>
						<line number="6161" hits="0" branch="false"/>
						<line number="6162" hits="0" branch="false"/>
						<line number="6163" hits="0" branch="false"/>
						<line number="6166" hits="0" branch="false"/>
						<line number="6167" hits="0" branch="false"/>
						<line number="6175" hits="0" branch="false"/>
						<line number="6176" hits="0" branch="false"/>
						<line number="6181" hits="0" branch="false"/>
						<line number="6182" hits="0" branch="false"/>
						<line number="6196" hits="0" branch="false"/>
[...]
						<line number="32906" hits="0" branch="false"/>
						<line number="32907" hits="0" branch="false"/>
						<line number="32908" hits="0" branch="false"/>
						<line number="32909" hits="0" branch="false"/>
						<line number="32911" hits="0" branch="false"/>
						<line number="32912" hits="0" branch="false"/>
						<line number="32922" hits="0" branch="false"/>
						<line number="32923" hits="0" branch="false"/>
						<line number="32924" hits="0" branch="false"/>
						<line number="32925" hits="0" branch="false"/>
						<line number="32926" hits="0" branch="false"/>
						<line number="32935" hits="0" branch="false"/>
						<line number="32936" hits="0" branch="false"/>
						<line number="32938" hits="0" branch="false"/>
						<line number="32939" hits="0" branch="false"/>
						<line number="32940" hits="0" branch="false"/>
						<line number="32959" hits="1" branch="false"/>
						<line number="33060" hits="1" branch="false"/>
						<line number="33101" hits="0" branch="false"/>
						<line number="33103" hits="0" branch="false"/>
						<line number="33112" hits="0" branch="false"/>
						<line number="33113" hits="0" branch="false"/>
						<line number="33114" hits="0" branch="false"/>
						<line number="33121" hits="0" branch="false"/>
						<line number="33122" hits="0" branch="false"/>
						<line number="33123" hits="0" branch="false"/>
						<line number="33124" hits="0" branch="false"/>
						<line number="33127" hits="0" branch="false"/>
						<line number="33129" hits="0" branch="false"/>
						<line number="33137" hits="0" branch="false"/>
						<line number="33138" hits="0" branch="false"/>
						<line number="33139" hits="0" branch="false"/>
						<line number="33140" hits="0" branch="false"/>
						<line number="33143" hits="0" branch="false"/>
						<line number="33145" hits="0" branch="false"/>
						<line number="33152" hits="0" branch="false"/>
						<line number="33153" hits="0" branch="false"/>
						<line number="33185" hits="1" branch="false"/>
						<line number="33218" hits="0" branch="false"/>
						<line number="33219" hits="0" branch="false"/>
						<line number="33240" hits="0" branch="false"/>
						<line number="33242" hits="0" branch="false"/>
						<line number="33243" hits="0" branch="false"/>
						<line number="33247" hits="0" branch="false"/>
						<line number="33250" hits="0" branch="false"/>
						<line number="33252" hits="0" branch="false"/>
						<line number="33253" hits="0" branch="false"/>
						<line number="33255" hits="0" branch="false"/>
						<line number="33256" hits="0" branch="false"/>
						<line number="33258" hits="0" branch="false"/>
						<line number="33259" hits="0" branch="false"/>
						<line number="33261" hits="0" branch="false"/>
						<line number="33262" hits="0" branch="false"/>
						<line number="33265" hits="0" branch="false"/>
						<line number="33266" hits="0" branch="false"/>
						<line number="33267" hits="0" branch="false"/>
						<line number="33269" hits="0" branch="false"/>
						<line number="33270" hits="0" branch="false"/>
						<line number="33271" hits="0" branch="false"/>
						<line number="33273" hits="0" branch="false"/>
						<line number="33274" hits="0" branch="false"/>
						<line number="33275" hits="0" branch="false"/>
						<line number="33277" hits="0" branch="false"/>
						<line number="33278" hits="0" branch="false"/>
						<line number="33279" hits="0" branch="false"/>
						<line number="33285" hits="0" branch="false"/>
						<line number="33286" hits="0" branch="false"/>
						<line number="33291" hits="0" branch="false"/>
						<line number="33292" hits="0" branch="false"/>
						<line number="33294" hits="0" branch="false"/>
						<line number="33296" hits="0" branch="false"/>
						<line number="33299" hits="0" branch="false"/>
						<line number="33326" hits="1" branch="false"/>
						<line number="33534" hits="0" branch="false"/>
						<line number="33540" hits="0" branch="false"/>
						<line number="33541" hits="0" branch="false"/>
						<line number="33542" hits="0" branch="false"/>
						<line number="33546" hits="0" branch="false"/>
						<line number="33547" hits="0" branch="false"/>
						<line number="33548" hits="0" branch="false"/>
						<line number="33552" hits="0" branch="false"/>
						<line number="33553" hits="0" branch="false"/>
						<line number="33557" hits="0" branch="false"/>
						<line number="33558" hits="0" branch="false"/>
						<line number="33559" hits="0" branch="false"/>
						<line number="33560" hits="0" branch="false"/>
						<line number="33561" hits="0" branch="false"/>
						<line number="33562" hits="0" branch="false"/>
						<line number="33563" hits="0" branch="false"/>
						<line number="33574" hits="0" branch="false"/>
						<line number="33582" hits="0" branch="false"/>
						<line number="33583" hits="0" branch="false"/>
						<line number="33584" hits="0" branch="false"/>
						<line number="33585" hits="0" branch="false"/>
						<line number="33587" hits="0" branch="false"/>
						<line number="33588" hits="0" branch="false"/>
						<line number="33592" hits="0" branch="false"/>
						<line number="33593" hits="0" branch="false"/>
						<line number="33597" hits="0" branch="false"/>
						<line number="33598" hits="0" branch="false"/>
						<line number="33613" hits="0" branch="false"/>
						<line number="33614" hits="0" branch="false"/>
						<line number="33616" hits="0" branch="false"/>
						<line number="33629" hits="0" branch="false"/>
						<line number="33630" hits="0" branch="false"/>
						<line number="33633" hits="0" branch="false"/>
						<line number="33635" hits="0" branch="false"/>
						<line number="33643" hits="0" branch="false"/>
						<line number="33651" hits="0" branch="false"/>
						<line number="33652" hits="0" branch="false"/>
						<line number="33653" hits="0" branch="false"/>
						<line number="33656" hits="0" branch="false"/>
						<line number="33658" hits="0" branch="false"/>
						<line number="33662" hits="0" branch="false"/>
						<line number="33663" hits="0" branch="false"/>
						<line number="33664" hits="0" branch="false"/>
						<line number="33665" hits="0" branch="false"/>
						<line number="33666" hits="0" branch="false"/>
						<line number="33667" hits="0" branch="false"/>
						<line number="33668" hits="0" branch="false"/>
						<line number="33673" hits="0" branch="false"/>
						<line number="33676" hits="0" branch="false"/>
						<line number="33693" hits="0" branch="false"/>
						<line number="33695" hits="0" branch="false"/>
						<line number="33696" hits="0" branch="false"/>
						<line number="33698" hits="0" branch="false"/>
						<line number="33699" hits="0" branch="false"/>
						<line number="33701" hits="0" branch="false"/>
						<line number="33719" hits="0" branch="false"/>
						<line number="33720" hits="0" branch="false"/>
						<line number="33721" hits="0" branch="false"/>
						<line number="33723" hits="0" branch="false"/>
						<line number="33724" hits="0" branch="false"/>
						<line number="33725" hits="0" branch="false"/>
						<line number="33726" hits="0" branch="false"/>
						<line number="33728" hits="0" branch="false"/>
						<line number="33729" hits="0" branch="false"/>
						<line number="33734" hits="0" branch="false"/>
						<line number="33737" hits="0" branch="false"/>
						<line number="33738" hits="0" branch="false"/>
						<line number="33739" hits="0" branch="false"/>
						<line number="33740" hits="0" branch="false"/>
						<line number="33741" hits="0" branch="false"/>
						<line number="33749" hits="0" branch="false"/>
						<line number="33750" hits="0" branch="false"/>
						<line number="33751" hits="0" branch="false"/>
						<line number="33752" hits="0" branch="false"/>
						<line number="33753" hits="0" branch="false"/>
						<line number="33756" hits="0" branch="false"/>
						<line number="33759" hits="0" branch="false"/>
						<line number="33762" hits="0" branch="false"/>
						<line number="33763" hits="0" branch="false"/>
						<line number="33764" hits="0" branch="false"/>
						<line number="33765" hits="0" branch="false"/>
						<line number="33771" hits="0" branch="false"/>
						<line number="33774" hits="0" branch="false"/>
						<line number="33775" hits="0" branch="false"/>
						<line number="33777" hits="0" branch="false"/>
						<line number="33779" hits="0" branch="false"/>
						<line number="33782" hits="0" branch="false"/>
						<line number="33794" hits="0" branch="false"/>
						<line number="33798" hits="0" branch="false"/>
						<line number="33810" hits="0" branch="false"/>
						<line number="33811" hits="0" branch="false"/>
					</lines>
				</class>
				<class name="Viewer.js" filename="src/Viewer.js" line-rate="0.16770186335403728" branch-rate="0.0" complexity="0">
					<methods />
					<lines>
						<line number="14" hits="1" branch="false"/>
						<line number="21" hits="1" branch="false"/>
						<line number="29" hits="1" branch="false"/>
						<line number="36" hits="1" branch="false"/>
						<line number="44" hits="1" branch="false"/>
						<line number="53" hits="1" branch="false"/>
						<line number="54" hits="0" branch="false"/>
						<line number="55" hits="0" branch="false"/>
						<line number="56" hits="0" branch="false"/>
						<line number="65" hits="1" branch="false"/>
						<line number="66" hits="0" branch="false"/>
						<line number="67" hits="0" branch="false"/>
						<line number="69" hits="0" branch="false"/>
						<line number="72" hits="0" branch="false"/>
						<line number="73" hits="0" branch="false"/>
						<line number="75" hits="0" branch="false"/>
						<line number="76" hits="0" branch="false"/>
						<line number="78" hits="0" branch="false"/>
						<line number="80" hits="0" branch="false"/>
						<line number="82" hits="0" branch="false"/>
						<line number="83" hits="0" branch="false"/>
						<line number="84" hits="0" branch="false"/>
						<line number="87" hits="0" branch="false"/>
						<line number="88" hits="0" branch="false"/>
						<line number="100" hits="1" branch="false"/>
						<line number="101" hits="0" branch="false"/>
						<line number="102" hits="0" branch="false"/>
						<line number="103" hits="0" branch="false"/>
						<line number="104" hits="0" branch="false"/>
						<line number="105" hits="0" branch="false"/>
						<line number="106" hits="0" branch="false"/>
						<line number="107" hits="0" branch="false"/>
						<line number="121" hits="1" branch="false"/>
						<line number="122" hits="0" branch="false"/>
						<line number="126" hits="0" branch="false"/>
						<line number="127" hits="0" branch="false"/>
						<line number="128" hits="0" branch="false"/>
						<line number="132" hits="0" branch="false"/>
						<line number="140" hits="1" branch="false"/>
						<line number="141" hits="0" branch="false"/>
						<line number="142" hits="0" branch="false"/>
						<line number="143" hits="0" branch="false"/>
						<line number="144" hits="0" branch="false"/>
						<line number="152" hits="1" branch="false"/>
						<line number="161" hits="11" branch="false"/>
						<line number="162" hits="11" branch="false"/>
						<line number="163" hits="11" branch="false"/>
						<line number="164" hits="11" branch="false"/>
						<line number="167" hits="11" branch="false"/>
						<line number="173" hits="11" branch="false"/>
						<line number="174" hits="0" branch="false"/>
						<line number="177" hits="11" branch="false"/>
						<line number="179" hits="0" branch="false"/>
						<line number="180" hits="0" branch="false"/>
						<line number="181" hits="0" branch="false"/>
						<line number="182" hits="0" branch="false"/>
						<line number="184" hits="0" branch="false"/>
						<line number="187" hits="0" branch="false"/>
						<line number="189" hits="0" branch="false"/>
						<line number="191" hits="0" branch="false"/>
						<line number="192" hits="0" branch="false"/>
						<line number="194" hits="0" branch="false"/>
						<line number="196" hits="0" branch="false"/>
						<line number="198" hits="0" branch="false"/>
						<line number="200" hits="0" branch="false"/>
						<line number="201" hits="0" branch="false"/>
						<line number="203" hits="0" branch="false"/>
						<line number="205" hits="0" branch="false"/>
						<line number="206" hits="0" branch="false"/>
						<line number="208" hits="0" branch="false"/>
						<line number="211" hits="0" branch="false"/>
						<line number="212" hits="0" branch="false"/>
						<line number="221" hits="0" branch="false"/>
						<line number="222" hits="0" branch="false"/>
						<line number="223" hits="0" branch="false"/>
						<line number="226" hits="0" branch="false"/>
						<line number="230" hits="0" branch="false"/>
						<line number="231" hits="0" branch="false"/>
						<line number="232" hits="0" branch="false"/>
						<line number="247" hits="4" branch="false"/>
						<line number="248" hits="4" branch="false"/>
						<line number="265" hits="0" branch="false"/>
						<line number="266" hits="0" branch="false"/>
						<line number="268" hits="0" branch="false"/>
						<line number="271" hits="0" branch="false"/>
						<line number="281" hits="0" branch="false"/>
						<line number="284" hits="0" branch="false"/>
						<line number="288" hits="0" branch="false"/>
						<line number="289" hits="0" branch="false"/>
						<line number="290" hits="0" branch="false"/>
						<line number="294" hits="0" branch="false"/>
						<line number="299" hits="0" branch="false"/>
						<line number="300" hits="0" branch="false"/>
						<line number="304" hits="0" branch="false"/>
						<line number="320" hits="12" branch="false"/>
						<line number="321" hits="0" branch="false"/>
						<line number="322" hits="0" branch="false"/>
						<line number="333" hits="0" branch="false"/>
						<line number="352" hits="4" branch="false"/>
						<line number="353" hits="0" branch="false"/>
						<line number="366" hits="0" branch="false"/>
						<line number="367" hits="0" branch="false"/>
						<line number="368" hits="0" branch="false"/>
						<line number="371" hits="0" branch="false"/>
						<line number="372" hits="0" branch="false"/>
						<line number="374" hits="0" branch="false"/>
						<line number="375" hits="0" branch="false"/>
						<line number="385" hits="0" branch="false"/>
						<line number="386" hits="0" branch="false"/>
						<line number="387" hits="0" branch="false"/>
						<line number="388" hits="0" branch="false"/>
						<line number="389" hits="0" branch="false"/>
						<line number="399" hits="4" branch="false"/>
						<line number="401" hits="0" branch="false"/>
						<line number="402" hits="0" branch="false"/>
						<line number="403" hits="0" branch="false"/>
						<line number="405" hits="0" branch="false"/>
						<line number="406" hits="0" branch="false"/>
						<line number="407" hits="0" branch="false"/>
						<line number="411" hits="0" branch="false"/>
						<line number="412" hits="0" branch="false"/>
						<line number="413" hits="0" branch="false"/>
						<line number="414" hits="0" branch="false"/>
						<line number="415" hits="0" branch="false"/>
						<line number="419" hits="0" branch="false"/>
						<line number="429" hits="1" branch="false"/>
						<line number="431" hits="0" branch="false"/>
						<line number="432" hits="0" branch="false"/>
						<line number="433" hits="0" branch="false"/>
						<line number="434" hits="0" branch="false"/>
						<line number="436" hits="0" branch="false"/>
						<line number="437" hits="0" branch="false"/>
						<line number="440" hits="0" branch="false"/>
						<line number="441" hits="0" branch="false"/>
						<line number="445" hits="1" branch="false"/>
						<line number="447" hits="0" branch="false"/>
						<line number="450" hits="0" branch="false"/>
						<line number="451" hits="0" branch="false"/>
						<line number="453" hits="0" branch="false"/>
						<line number="454" hits="0" branch="false"/>
						<line number="456" hits="0" branch="false"/>
						<line number="457" hits="0" branch="false"/>
						<line number="458" hits="0" branch="false"/>
						<line number="459" hits="0" branch="false"/>
						<line number="467" hits="1" branch="false"/>
						<line number="468" hits="0" branch="false"/>
						<line number="476" hits="2" branch="false"/>
						<line number="477" hits="0" branch="false"/>
						<line number="478" hits="0" branch="false"/>
						<line number="479" hits="0" branch="false"/>
						<line number="480" hits="0" branch="false"/>
						<line number="481" hits="0" branch="false"/>
						<line number="483" hits="0" branch="false"/>
						<line number="484" hits="0" branch="false"/>
						<line number="485" hits="0" branch="false"/>
						<line number="487" hits="0" branch="false"/>
						<line number="488" hits="0" branch="false"/>
						<line number="498" hits="0" branch="false"/>
						<line number="502" hits="0" branch="false"/>
						<line number="506" hits="0" branch="false"/>
						<line number="507" hits="0" branch="false"/>
					</lines>
				</class>
				<class name="WMSGetFeatureInfo.js" filename="src/WMSGetFeatureInfo.js" line-rate="0.25" branch-rate="0.0" complexity="0">
					<methods />
					<lines>
						<line number="14" hits="1" branch="false"/>
						<line number="27" hits="0" branch="false"/>
						<line number="28" hits="0" branch="false"/>
						<line number="29" hits="0" branch="false"/>
					</lines>
				</class>
				<class name="CookieUtil.js" filename="src/CookieUtil.js" line-rate="1.0" branch-rate="0.0" complexity="0">
					<methods />
					<lines>
						<line number="21" hits="1" branch="false"/>
						<line number="22" hits="2" branch="false"/>
						<line number="23" hits="2" branch="false"/>
						<line number="24" hits="2" branch="false"/>
						<line number="35" hits="1" branch="false"/>
						<line number="36" hits="6" branch="false"/>
						<line number="37" hits="6" branch="false"/>
						<line number="46" hits="1" branch="false"/>
						<line number="47" hits="61" branch="false"/>
						<line number="48" hits="61" branch="false"/>
						<line number="49" hits="61" branch="false"/>
						<line number="55" hits="1" branch="false"/>
						<line number="56" hits="12" branch="false"/>
						<line number="57" hits="60" branch="false"/>
						<line number="58" hits="60" branch="false"/>
					</lines>
				</class>
				<class name="jquery-1.11.1.min.js" filename="src/main/webapp/lib/jquery-1.11.1.min.js" line-rate="1.0" branch-rate="0.0" complexity="0">
					<methods />
					<lines>
						<line number="2" hits="2210" branch="false"/>
						<line number="3" hits="397" branch="false"/>
						<line number="4" hits="266" branch="false"/>
					</lines>
				</class>
				<class name="jquery-ui-1.10.4.custom.min.js" filename="src/main/webapp/lib/jquery-ui-1.10.4.custom.min.js" line-rate="1.0" branch-rate="0.0" complexity="0">
					<methods />
					<lines>
						<line number="6" hits="6" branch="false"/>
					</lines>
				</class>
				<class name="jasmin_util.js" filename="src/test/js/lib/jasmin_util.js" line-rate="1.0" branch-rate="0.0" complexity="0">
					<methods />
					<lines>
						<line number="1" hits="1" branch="false"/>
						<line number="2" hits="23" branch="false"/>
						<line number="10" hits="1" branch="false"/>
						<line number="11" hits="1" branch="false"/>
						<line number="13" hits="1" branch="false"/>
						<line number="14" hits="1" branch="false"/>
						<line number="17" hits="1" branch="false"/>
					</lines>
				</class>
			</classes>
		</package>
	</packages>
</coverage>
